<?xml version="1.0" ?><diagram xmlns="http://www.kite9.org/schema/adl" xmlns:xsi="http://www.w3.org/2001/XMLSchema-instance" id="auto:41">

 <context id="context-2" bordered="true">
  <arrow id="a1">
   <label>Arrow with a label</label>
  </arrow>
  <glyph id="fullGlyph">
   <stereotype>Some complex stereotype</stereotype>
   <label>Full Glyph</label>
  </glyph>
 </context>
</diagram>